<?xml version="1.0" encoding="UTF-8"?>
<!-- Generated by org.testng.reporters.JUnitXMLReporter -->
<testsuite ignored="0" hostname="JAYESH" failures="3" tests="16" name="Test" time="123.253" errors="0" timestamp="2023-07-15T17:39:55 EDT">
  <testcase classname="com.naveenautomationlabs.AutomationFramework.Tests.YourStoreTest" name="validateIPhoneAddedToCartSuccessfully" time="2.483"/>
  <testcase classname="com.naveenautomationlabs.AutomationFramework.Tests.YourStoreTest" name="validateIfCorrectProductIsClicked" time="17.484"/>
  <testcase classname="com.naveenautomationlabs.AutomationFramework.Tests.YourStoreTest" name="validateLogin" time="1.679"/>
  <testcase classname="com.naveenautomationlabs.AutomationFramework.Tests.YourStoreTest" name="validateLogin" time="1.549"/>
  <testcase classname="com.naveenautomationlabs.AutomationFramework.Tests.YourStoreTest" name="validateLoginUsingInValidCredentials" time="1.366">
    <skipped/>
  </testcase> <!-- validateLoginUsingInValidCredentials -->
  <testcase classname="com.naveenautomationlabs.AutomationFramework.Tests.YourStoreTest" name="validateLoginUsingInValidCredentials" time="1.291">
    <failure type="java.lang.AssertionError" message="invalid expected [Warning: No match for E-Mail Address and/or Password.] but found [Warning: Your account has exceeded allowed number of login attempts. Please try again in 1 hour.]">
      <![CDATA[java.lang.AssertionError: invalid expected [Warning: No match for E-Mail Address and/or Password.] but found [Warning: Your account has exceeded allowed number of login attempts. Please try again in 1 hour.]
at com.naveenautomationlabs.AutomationFramework.Tests.YourStoreTest.validateLoginUsingInValidCredentials(YourStoreTest.java:83)
at java.base/java.util.ArrayList.forEach(ArrayList.java:1511)
... Removed 32 stack frames]]>
    </failure>
  </testcase> <!-- validateLoginUsingInValidCredentials -->
  <testcase classname="com.naveenautomationlabs.AutomationFramework.Tests.YourStoreTest" name="validateLoginUsingValidCredentials" time="1.77"/>
  <testcase classname="com.naveenautomationlabs.AutomationFramework.Tests.YourStoreTest" name="validateMacBookAddedToWishListSuccessfully" time="4.989">
    <skipped/>
  </testcase> <!-- validateMacBookAddedToWishListSuccessfully -->
  <testcase classname="com.naveenautomationlabs.AutomationFramework.Tests.YourStoreTest" name="validateMacBookAddedToWishListSuccessfully" time="5.683">
    <failure type="java.lang.AssertionError" message="Wrong Count expected [1] but found [4]">
      <![CDATA[java.lang.AssertionError: Wrong Count expected [1] but found [4]
at com.naveenautomationlabs.AutomationFramework.Tests.YourStoreTest.validateMacBookAddedToWishListSuccessfully(YourStoreTest.java:119)
at java.base/java.util.ArrayList.forEach(ArrayList.java:1511)
... Removed 32 stack frames]]>
    </failure>
  </testcase> <!-- validateMacBookAddedToWishListSuccessfully -->
  <testcase classname="com.naveenautomationlabs.AutomationFramework.Tests.YourStoreTest" name="validateMonitorsPageIsLoaded" time="0.805"/>
  <testcase classname="com.naveenautomationlabs.AutomationFramework.Tests.YourStoreTest" name="validateRegistrationSuccess" time="2.406"/>
  <testcase classname="com.naveenautomationlabs.AutomationFramework.Tests.YourStoreTest" name="validateSlider" time="1.799">
    <skipped/>
  </testcase> <!-- validateSlider -->
  <testcase classname="com.naveenautomationlabs.AutomationFramework.Tests.YourStoreTest" name="validateSlider" time="1.814">
    <failure type="java.lang.AssertionError" message="Slider values doesnot match with Expected values">
      <![CDATA[java.lang.AssertionError: Slider values doesnot match with Expected values
at com.naveenautomationlabs.AutomationFramework.Tests.YourStoreTest.validateSlider(YourStoreTest.java:182)
at java.base/java.util.ArrayList.forEach(ArrayList.java:1511)
... Removed 29 stack frames]]>
    </failure>
  </testcase> <!-- validateSlider -->
  <testcase classname="com.naveenautomationlabs.AutomationFramework.Tests.YourStoreTest" name="validateUnitPrice" time="2.553"/>
  <testcase classname="com.naveenautomationlabs.AutomationFramework.Tests.YourStoreTest" name="validateWishListCount" time="3.237"/>
  <testcase classname="com.naveenautomationlabs.AutomationFramework.Tests.YourStoreTest" name="validateNavigationInRegistrationPage" time="2.843"/>
</testsuite> <!-- Test -->
