<?xml version="1.0" encoding="UTF-8"?>
<!-- Generated by org.testng.reporters.JUnitXMLReporter -->
<testsuite ignored="4" hostname="JAYESH" failures="1" tests="2" name="Test(failed)" time="44.992" errors="0" timestamp="2023-06-24T16:28:41 EDT">
  <testcase classname="com.naveenautomationlabs.AutomationFramework.Tests.YourStoreTest" name="validateMacBookAddedToWishListSuccessfully" time="17.542">
    <skipped/>
  </testcase> <!-- validateMacBookAddedToWishListSuccessfully -->
  <testcase classname="com.naveenautomationlabs.AutomationFramework.Tests.YourStoreTest" name="validateMacBookAddedToWishListSuccessfully" time="17.688">
    <failure type="java.lang.NullPointerException" message="Cannot invoke &amp;quot;com.naveenautomationlabs.AutomationFramework.Pages.Search_Macbook.clickProductLink()&amp;quot; because &amp;quot;this.search_Macbook&amp;quot; is null">
      <![CDATA[java.lang.NullPointerException: Cannot invoke "com.naveenautomationlabs.AutomationFramework.Pages.Search_Macbook.clickProductLink()" because "this.search_Macbook" is null
at com.naveenautomationlabs.AutomationFramework.Tests.YourStoreTest.validateMacBookAddedToWishListSuccessfully(YourStoreTest.java:95)
at java.base/java.util.ArrayList.forEach(ArrayList.java:1511)
... Removed 27 stack frames]]>
    </failure>
  </testcase> <!-- validateMacBookAddedToWishListSuccessfully -->
  <testcase classname="com.naveenautomationlabs.AutomationFramework.Tests.YourStoreTest" name="validateLoginUsingValidCredentials" time="0.0">
    <ignored/>
  </testcase> <!-- validateLoginUsingValidCredentials -->
  <testcase classname="com.naveenautomationlabs.AutomationFramework.Tests.YourStoreTest" name="validateIPhoneAddedToCartSuccessfully" time="0.0">
    <ignored/>
  </testcase> <!-- validateIPhoneAddedToCartSuccessfully -->
  <testcase classname="com.naveenautomationlabs.AutomationFramework.Tests.YourStoreTest" name="validateLoginUsingInValidCredentials" time="0.0">
    <ignored/>
  </testcase> <!-- validateLoginUsingInValidCredentials -->
  <testcase classname="com.naveenautomationlabs.AutomationFramework.Tests.YourStoreTest" name="validateMonitorsPadeIsLoaded" time="0.0">
    <ignored/>
  </testcase> <!-- validateMonitorsPadeIsLoaded -->
</testsuite> <!-- Test(failed) -->
